Performing C SOURCE FILE Test CMAKE_HAVE_LIBC_PTHREAD failed with the following output:
Change Dir: /home/davidrussell/catkin_ws/src/MuJoCo_realRobot_ROS/cmake-build-debug/CMakeFiles/CMakeTmp

Run Build Command(s):/usr/bin/make -f Makefile cmTC_ffb8e/fast && /usr/bin/make  -f CMakeFiles/cmTC_ffb8e.dir/build.make CMakeFiles/cmTC_ffb8e.dir/build
make[1]: Entering directory '/home/davidrussell/catkin_ws/src/MuJoCo_realRobot_ROS/cmake-build-debug/CMakeFiles/CMakeTmp'
Building C object CMakeFiles/cmTC_ffb8e.dir/src.c.o
/usr/bin/cc -DCMAKE_HAVE_LIBC_PTHREAD  -fdiagnostics-color=always -o CMakeFiles/cmTC_ffb8e.dir/src.c.o -c /home/davidrussell/catkin_ws/src/MuJoCo_realRobot_ROS/cmake-build-debug/CMakeFiles/CMakeTmp/src.c
Linking C executable cmTC_ffb8e
/opt/clion-2022.3.3/bin/cmake/linux/x64/bin/cmake -E cmake_link_script CMakeFiles/cmTC_ffb8e.dir/link.txt --verbose=1
/usr/bin/cc -rdynamic CMakeFiles/cmTC_ffb8e.dir/src.c.o -o cmTC_ffb8e 
/usr/bin/ld: CMakeFiles/cmTC_ffb8e.dir/src.c.o: in function `main':
src.c:(.text+0x46): undefined reference to `pthread_create'
/usr/bin/ld: src.c:(.text+0x52): undefined reference to `pthread_detach'
/usr/bin/ld: src.c:(.text+0x5e): undefined reference to `pthread_cancel'
/usr/bin/ld: src.c:(.text+0x6f): undefined reference to `pthread_join'
collect2: error: ld returned 1 exit status
make[1]: *** [CMakeFiles/cmTC_ffb8e.dir/build.make:99: cmTC_ffb8e] Error 1
make[1]: Leaving directory '/home/davidrussell/catkin_ws/src/MuJoCo_realRobot_ROS/cmake-build-debug/CMakeFiles/CMakeTmp'
make: *** [Makefile:127: cmTC_ffb8e/fast] Error 2


Source file was:
#include <pthread.h>

static void* test_func(void* data)
{
  return data;
}

int main(void)
{
  pthread_t thread;
  pthread_create(&thread, NULL, test_func, NULL);
  pthread_detach(thread);
  pthread_cancel(thread);
  pthread_join(thread, NULL);
  pthread_atfork(NULL, NULL, NULL);
  pthread_exit(NULL);

  return 0;
}

Determining if the function pthread_create exists in the pthreads failed with the following output:
Change Dir: /home/davidrussell/catkin_ws/src/MuJoCo_realRobot_ROS/cmake-build-debug/CMakeFiles/CMakeTmp

Run Build Command(s):/usr/bin/make -f Makefile cmTC_0ada1/fast && /usr/bin/make  -f CMakeFiles/cmTC_0ada1.dir/build.make CMakeFiles/cmTC_0ada1.dir/build
make[1]: Entering directory '/home/davidrussell/catkin_ws/src/MuJoCo_realRobot_ROS/cmake-build-debug/CMakeFiles/CMakeTmp'
Building C object CMakeFiles/cmTC_0ada1.dir/CheckFunctionExists.c.o
/usr/bin/cc   -DCHECK_FUNCTION_EXISTS=pthread_create -fdiagnostics-color=always -o CMakeFiles/cmTC_0ada1.dir/CheckFunctionExists.c.o -c /opt/clion-2022.3.3/bin/cmake/linux/x64/share/cmake-3.24/Modules/CheckFunctionExists.c
Linking C executable cmTC_0ada1
/opt/clion-2022.3.3/bin/cmake/linux/x64/bin/cmake -E cmake_link_script CMakeFiles/cmTC_0ada1.dir/link.txt --verbose=1
/usr/bin/cc  -DCHECK_FUNCTION_EXISTS=pthread_create -rdynamic CMakeFiles/cmTC_0ada1.dir/CheckFunctionExists.c.o -o cmTC_0ada1  -lpthreads 
/usr/bin/ld: cannot find -lpthreads
collect2: error: ld returned 1 exit status
make[1]: *** [CMakeFiles/cmTC_0ada1.dir/build.make:99: cmTC_0ada1] Error 1
make[1]: Leaving directory '/home/davidrussell/catkin_ws/src/MuJoCo_realRobot_ROS/cmake-build-debug/CMakeFiles/CMakeTmp'
make: *** [Makefile:127: cmTC_0ada1/fast] Error 2



